<?xml version="1.0" encoding="UTF-8"?>
<!-- Generated by org.testng.reporters.JUnitReportReporter -->
<testsuite skipped="0" hostname="DESKTOP-QVAAKC9" name="APITest.CreateID" tests="1" failures="0" timestamp="2020-02-17T16:11:12 AEDT" time="11.502" errors="0">
  <testcase name="CreatePetIds" time="11.502" classname="APITest.CreateID"/>
</testsuite> <!-- APITest.CreateID -->
