<?xml version="1.0" encoding="UTF-8"?>
<!-- Generated by org.testng.reporters.JUnitReportReporter -->
<testsuite hostname="DESKTOP-QVAAKC9" failures="0" tests="3" name="APITest.PetTest" time="4.496" errors="0" timestamp="2019-11-26T05:43:04 AEDT" skipped="0">
  <testcase classname="APITest.PetTest" name="GETPetId" time="2.841"/>
  <testcase classname="APITest.PetTest" name="updatePetname" time="0.580"/>
  <testcase classname="APITest.PetTest" name="deletePetId" time="1.075"/>
</testsuite> <!-- APITest.PetTest -->
