<?xml version="1.0" encoding="UTF-8"?>
<!-- Generated by org.testng.reporters.JUnitReportReporter -->
<testsuite skipped="0" hostname="DESKTOP-QVAAKC9" name="APITest.CreateBooking" tests="5" failures="0" timestamp="2020-04-21T00:33:26 AEST" time="92.228" errors="0">
  <testcase name="Booking_Flight" time="13.903" classname="APITest.CreateBooking"/>
  <testcase name="Booking_Flight" time="13.596" classname="APITest.CreateBooking"/>
  <testcase name="Booking_Flight" time="13.626" classname="APITest.CreateBooking"/>
  <testcase name="Booking_Flight" time="13.590" classname="APITest.CreateBooking"/>
  <testcase name="Booking_Flight" time="37.513" classname="APITest.CreateBooking"/>
</testsuite> <!-- APITest.CreateBooking -->
